<?xml version="1.0" encoding="UTF-8"?>
<!-- Generated by org.testng.reporters.JUnitXMLReporter -->
<testsuite ignored="4" hostname="DESKTOP-I0292P0" failures="4" tests="8" name="Login and Add to Cart Test" time="340.252" errors="0" timestamp="2025-10-30T17:55:35 AKDT">
  <testcase classname="com.itg.frontgate.tests.LoginDataDrivenTest" name="loginCases" time="60.013">
    <failure type="java.lang.AssertionError" message="No feedback shown for ahmadj7hanani0@gmail.com">
      <![CDATA[java.lang.AssertionError: No feedback shown for ahmadj7hanani0@gmail.com
at com.itg.frontgate.tests.LoginDataDrivenTest.loginCases(LoginDataDrivenTest.java:92)
at java.base/java.util.ArrayList.forEach(ArrayList.java:1596)
... Removed 26 stack frames]]>
    </failure>
  </testcase> <!-- loginCases -->
  <testcase classname="com.itg.frontgate.tests.LoginDataDrivenTest" name="loginCases" time="51.717"/>
  <testcase classname="com.itg.frontgate.tests.LoginDataDrivenTest" name="loginCases" time="49.788"/>
  <testcase classname="com.itg.frontgate.tests.LoginDataDrivenTest" name="loginCases" time="30.398">
    <failure type="java.lang.AssertionError" message="Unexpected error message: Error: Please Enter Email Address.">
      <![CDATA[java.lang.AssertionError: Unexpected error message: Error: Please Enter Email Address.
at com.itg.frontgate.tests.LoginDataDrivenTest.loginCases(LoginDataDrivenTest.java:78)
at java.base/java.util.ArrayList.forEach(ArrayList.java:1596)
... Removed 26 stack frames]]>
    </failure>
  </testcase> <!-- loginCases -->
  <testcase classname="com.itg.frontgate.tests.LoginDataDrivenTest" name="loginCases" time="34.742"/>
  <testcase classname="com.itg.frontgate.tests.AddToCartTest" name="addProductsToCart" time="19.533"/>
  <testcase classname="com.itg.frontgate.tests.AddToCartTest" name="addProductsToCart" time="58.828">
    <failure type="java.lang.AssertionError" message="VALIDATION FAILED: The success message did not appear correctly. Found: &amp;apos;&amp;apos; expected [true] but found [false]">
      <![CDATA[java.lang.AssertionError: VALIDATION FAILED: The success message did not appear correctly. Found: '' expected [true] but found [false]
at com.itg.frontgate.tests.AddToCartTest.addProductsToCart(AddToCartTest.java:64)
at java.base/java.util.ArrayList.forEach(ArrayList.java:1596)
... Removed 28 stack frames]]>
    </failure>
  </testcase> <!-- addProductsToCart -->
  <testcase classname="com.itg.frontgate.tests.AddToCartTest" name="addProductsToCart" time="33.257">
    <failure type="java.lang.AssertionError" message="Product &amp;apos;Resort Bath Sheet&amp;apos; was not found. expected [true] but found [false]">
      <![CDATA[java.lang.AssertionError: Product 'Resort Bath Sheet' was not found. expected [true] but found [false]
at com.itg.frontgate.tests.AddToCartTest.addProductsToCart(AddToCartTest.java:54)
at java.base/java.util.ArrayList.forEach(ArrayList.java:1596)
... Removed 28 stack frames]]>
    </failure>
  </testcase> <!-- addProductsToCart -->
  <testcase classname="com.itg.frontgate.base.BaseTest" name="@AfterTest tearDown" time="0.0">
    <ignored/>
  </testcase> <!-- @AfterTest tearDown -->
  <testcase classname="com.itg.frontgate.base.BaseTest" name="@BeforeSuite beforeSuite" time="0.0">
    <ignored/>
  </testcase> <!-- @BeforeSuite beforeSuite -->
  <testcase classname="com.itg.frontgate.base.BaseTest" name="@BeforeTest setUp" time="0.0">
    <ignored/>
  </testcase> <!-- @BeforeTest setUp -->
  <testcase classname="com.itg.frontgate.base.BaseTest" name="@AfterSuite afterSuite" time="0.0">
    <ignored/>
  </testcase> <!-- @AfterSuite afterSuite -->
</testsuite> <!-- Login and Add to Cart Test -->
